<?xml version="1.0" encoding="UTF-8"?>
<!-- Generated by org.testng.reporters.JUnitXMLReporter -->
<testsuite hostname="Jordan-PC" ignored="1" name="Test(failed)" tests="1" failures="1" timestamp="21 Mar 2021 06:10:09 GMT" time="24.098" errors="0">
  <testcase name="loginFailureTest" time="4.858" classname="com.magento.testcases.LoginPageTest">
    <failure type="java.lang.AssertionError" message="UNABLE TO LOGIN expected [My Accou] but found [My Account]">
      <![CDATA[java.lang.AssertionError: UNABLE TO LOGIN expected [My Accou] but found [My Account]
	at com.magento.testcases.LoginPageTest.loginFailureTest(LoginPageTest.java:38)
... Removed 30 stack frames]]>
    </failure>
  </testcase> <!-- loginFailureTest -->
  <testcase name="loginSuccessTest" time="0.0" classname="com.magento.testcases.LoginPageTest">
    <ignored/>
  </testcase> <!-- loginSuccessTest -->
</testsuite> <!-- Test(failed) -->
