<?xml version="1.0" encoding="UTF-8"?>
<!-- Generated by org.testng.reporters.JUnitXMLReporter -->
<testsuite hostname="Jordan-PC" ignored="0" name="Test" tests="2" failures="1" timestamp="13 Apr 2021 14:52:47 GMT" time="66.444" errors="0">
  <testcase name="loginFailureTest" time="6.811" classname="com.magento.testcases.LoginPageTest">
    <failure type="java.lang.AssertionError" message="UNABLE TO LOGIN expected [My Account] but found [Customer Login]">
      <![CDATA[java.lang.AssertionError: UNABLE TO LOGIN expected [My Account] but found [Customer Login]
	at com.magento.testcases.LoginPageTest.loginFailureTest(LoginPageTest.java:38)
... Removed 30 stack frames]]>
    </failure>
  </testcase> <!-- loginFailureTest -->
  <testcase name="loginSuccessTest" time="6.361" classname="com.magento.testcases.LoginPageTest"/>
</testsuite> <!-- Test -->
